[debug] [2020-03-09T21:01:08.502Z] ----------------------------------------------------------------------
[debug] [2020-03-09T21:01:08.503Z] Command:       /usr/local/Cellar/node/13.8.0/bin/node /usr/local/bin/firebase deploy
[debug] [2020-03-09T21:01:08.503Z] CLI Version:   7.14.0
[debug] [2020-03-09T21:01:08.504Z] Platform:      darwin
[debug] [2020-03-09T21:01:08.504Z] Node Version:  v13.8.0
[debug] [2020-03-09T21:01:08.505Z] Time:          Mon Mar 09 2020 22:01:08 GMT+0100 (Mitteleuropäische Normalzeit)
[debug] [2020-03-09T21:01:08.505Z] ----------------------------------------------------------------------
[debug] [2020-03-09T21:01:08.505Z] 
[debug] [2020-03-09T21:01:08.512Z] > command requires scopes: ["email","openid","https://www.googleapis.com/auth/cloudplatformprojects.readonly","https://www.googleapis.com/auth/firebase","https://www.googleapis.com/auth/cloud-platform"]
[debug] [2020-03-09T21:01:08.512Z] > authorizing via signed-in user
[debug] [2020-03-09T21:01:08.512Z] [iam] checking project vokabeldojo for permissions ["firebase.projects.get","firebasehosting.sites.update"]
[debug] [2020-03-09T21:01:08.513Z] > refreshing access token with scopes: ["email","https://www.googleapis.com/auth/cloud-platform","https://www.googleapis.com/auth/cloudplatformprojects.readonly","https://www.googleapis.com/auth/firebase","openid"]
[debug] [2020-03-09T21:01:08.513Z] >>> HTTP REQUEST POST https://www.googleapis.com/oauth2/v3/token  
 <request body omitted>
[debug] [2020-03-09T21:01:08.773Z] <<< HTTP RESPONSE 400
[debug] [2020-03-09T21:01:08.774Z] >>> HTTP REQUEST POST https://cloudresourcemanager.googleapis.com/v1/projects/vokabeldojo:testIamPermissions  

[debug] [2020-03-09T21:01:09.603Z] <<< HTTP RESPONSE 401
[debug] [2020-03-09T21:01:09.604Z] <<< HTTP RESPONSE BODY
[debug] [2020-03-09T21:01:09.605Z] [iam] error while checking permissions, command may fail: FirebaseError: HTTP Error: 401, Request had invalid authentication credentials. Expected OAuth 2 access token, login cookie or other valid authentication credential. See https://developers.google.com/identity/sign-in/web/devconsole-project.
[debug] [2020-03-09T21:01:09.606Z] > refreshing access token with scopes: ["email","https://www.googleapis.com/auth/cloud-platform","https://www.googleapis.com/auth/cloudplatformprojects.readonly","https://www.googleapis.com/auth/firebase","openid"]
[debug] [2020-03-09T21:01:09.606Z] >>> HTTP REQUEST POST https://www.googleapis.com/oauth2/v3/token  
 <request body omitted>
[debug] [2020-03-09T21:01:09.803Z] <<< HTTP RESPONSE 400
[debug] [2020-03-09T21:01:09.803Z] >>> HTTP REQUEST GET https://firebase.googleapis.com/v1beta1/projects/vokabeldojo  
 
[debug] [2020-03-09T21:01:10.060Z] <<< HTTP RESPONSE 401
[debug] [2020-03-09T21:01:10.060Z] <<< HTTP RESPONSE BODY
[debug] [2020-03-09T21:01:10.061Z] HTTP Error: 401, Request had invalid authentication credentials. Expected OAuth 2 access token, login cookie or other valid authentication credential. See https://developers.google.com/identity/sign-in/web/devconsole-project.
[debug] [2020-03-09T21:01:10.243Z] FirebaseError: HTTP Error: 401, Request had invalid authentication credentials. Expected OAuth 2 access token, login cookie or other valid authentication credential. See https://developers.google.com/identity/sign-in/web/devconsole-project.
    at module.exports (/usr/local/lib/node_modules/firebase-tools/lib/responseToError.js:38:12)
    at Request._callback (/usr/local/lib/node_modules/firebase-tools/lib/api.js:39:35)
    at Request.self.callback (/usr/local/lib/node_modules/firebase-tools/node_modules/request/request.js:185:22)
    at Request.emit (events.js:321:20)
    at Request.EventEmitter.emit (domain.js:485:12)
    at Request.<anonymous> (/usr/local/lib/node_modules/firebase-tools/node_modules/request/request.js:1154:10)
    at Request.emit (events.js:321:20)
    at Request.EventEmitter.emit (domain.js:485:12)
    at IncomingMessage.<anonymous> (/usr/local/lib/node_modules/firebase-tools/node_modules/request/request.js:1076:12)
    at Object.onceWrapper (events.js:427:28)
    at IncomingMessage.emit (events.js:333:22)
    at IncomingMessage.EventEmitter.emit (domain.js:485:12)
    at endReadableNT (_stream_readable.js:1201:12)
    at processTicksAndRejections (internal/process/task_queues.js:84:21)
[error] 
[error] Error: Failed to get Firebase project vokabeldojo. Please make sure the project exists and your account has permission to access it.
[debug] [2020-03-09T21:04:01.102Z] ----------------------------------------------------------------------
[debug] [2020-03-09T21:04:01.103Z] Command:       /usr/local/Cellar/node/13.8.0/bin/node /usr/local/bin/firebase deploy
[debug] [2020-03-09T21:04:01.103Z] CLI Version:   7.14.0
[debug] [2020-03-09T21:04:01.103Z] Platform:      darwin
[debug] [2020-03-09T21:04:01.103Z] Node Version:  v13.8.0
[debug] [2020-03-09T21:04:01.104Z] Time:          Mon Mar 09 2020 22:04:01 GMT+0100 (Mitteleuropäische Normalzeit)
[debug] [2020-03-09T21:04:01.104Z] ----------------------------------------------------------------------
[debug] [2020-03-09T21:04:01.104Z] 
[debug] [2020-03-09T21:04:01.111Z] > command requires scopes: ["email","openid","https://www.googleapis.com/auth/cloudplatformprojects.readonly","https://www.googleapis.com/auth/firebase","https://www.googleapis.com/auth/cloud-platform"]
[debug] [2020-03-09T21:04:01.111Z] > authorizing via signed-in user
[debug] [2020-03-09T21:04:01.111Z] [iam] checking project vokabeldojo for permissions ["firebase.projects.get","firebasehosting.sites.update"]
[debug] [2020-03-09T21:04:01.112Z] > refreshing access token with scopes: ["email","https://www.googleapis.com/auth/cloud-platform","https://www.googleapis.com/auth/cloudplatformprojects.readonly","https://www.googleapis.com/auth/firebase","openid"]
[debug] [2020-03-09T21:04:01.112Z] >>> HTTP REQUEST POST https://www.googleapis.com/oauth2/v3/token  
 <request body omitted>
[debug] [2020-03-09T21:04:01.384Z] <<< HTTP RESPONSE 400
[debug] [2020-03-09T21:04:01.385Z] >>> HTTP REQUEST POST https://cloudresourcemanager.googleapis.com/v1/projects/vokabeldojo:testIamPermissions  

[debug] [2020-03-09T21:04:02.263Z] <<< HTTP RESPONSE 401
[debug] [2020-03-09T21:04:02.263Z] <<< HTTP RESPONSE BODY
[debug] [2020-03-09T21:04:02.264Z] [iam] error while checking permissions, command may fail: FirebaseError: HTTP Error: 401, Request had invalid authentication credentials. Expected OAuth 2 access token, login cookie or other valid authentication credential. See https://developers.google.com/identity/sign-in/web/devconsole-project.
[debug] [2020-03-09T21:04:02.265Z] > refreshing access token with scopes: ["email","https://www.googleapis.com/auth/cloud-platform","https://www.googleapis.com/auth/cloudplatformprojects.readonly","https://www.googleapis.com/auth/firebase","openid"]
[debug] [2020-03-09T21:04:02.265Z] >>> HTTP REQUEST POST https://www.googleapis.com/oauth2/v3/token  
 <request body omitted>
[debug] [2020-03-09T21:04:02.503Z] <<< HTTP RESPONSE 400
[debug] [2020-03-09T21:04:02.503Z] >>> HTTP REQUEST GET https://firebase.googleapis.com/v1beta1/projects/vokabeldojo  
 
[debug] [2020-03-09T21:04:02.829Z] <<< HTTP RESPONSE 401
[debug] [2020-03-09T21:04:02.829Z] <<< HTTP RESPONSE BODY
[debug] [2020-03-09T21:04:02.829Z] HTTP Error: 401, Request had invalid authentication credentials. Expected OAuth 2 access token, login cookie or other valid authentication credential. See https://developers.google.com/identity/sign-in/web/devconsole-project.
[debug] [2020-03-09T21:04:03.121Z] FirebaseError: HTTP Error: 401, Request had invalid authentication credentials. Expected OAuth 2 access token, login cookie or other valid authentication credential. See https://developers.google.com/identity/sign-in/web/devconsole-project.
    at module.exports (/usr/local/lib/node_modules/firebase-tools/lib/responseToError.js:38:12)
    at Request._callback (/usr/local/lib/node_modules/firebase-tools/lib/api.js:39:35)
    at Request.self.callback (/usr/local/lib/node_modules/firebase-tools/node_modules/request/request.js:185:22)
    at Request.emit (events.js:321:20)
    at Request.EventEmitter.emit (domain.js:485:12)
    at Request.<anonymous> (/usr/local/lib/node_modules/firebase-tools/node_modules/request/request.js:1154:10)
    at Request.emit (events.js:321:20)
    at Request.EventEmitter.emit (domain.js:485:12)
    at IncomingMessage.<anonymous> (/usr/local/lib/node_modules/firebase-tools/node_modules/request/request.js:1076:12)
    at Object.onceWrapper (events.js:427:28)
    at IncomingMessage.emit (events.js:333:22)
    at IncomingMessage.EventEmitter.emit (domain.js:485:12)
    at endReadableNT (_stream_readable.js:1201:12)
    at processTicksAndRejections (internal/process/task_queues.js:84:21)
[error] 
[error] Error: Failed to get Firebase project vokabeldojo. Please make sure the project exists and your account has permission to access it.
